-------------------------------------------------------------------------------
Test set: DemoTest
-------------------------------------------------------------------------------
Tests run: 2, Failures: 1, Errors: 0, Skipped: 0, Time elapsed: 38.607 s <<< FAILURE! - in DemoTest
testMethod2(DemoTest)  Time elapsed: 19.59 s  <<< FAILURE!
org.junit.ComparisonFailure: expected:<[Введенная сумма меньше минимальной разрешенной (30,00 ₽)]> but was:<[Сумма операции превышает доступный баланс]>
	at DemoTest.testMethod2(DemoTest.java:47)

