<?xml version="1.0" encoding="UTF-8"?>
<testsuite xmlns:xsi="http://www.w3.org/2001/XMLSchema-instance" xsi:noNamespaceSchemaLocation="https://maven.apache.org/surefire/maven-surefire-plugin/xsd/surefire-test-report.xsd" name="runners.CucumberRunner" time="51.914" tests="20" errors="0" skipped="3" failures="2">
  <properties>
[...]
</properties>
  <testcase name="* загружена страница &quot;MainPage&quot;" classname="Сценарий: Ипотека: квартира на вторичном рынке" time="0.006"/>
  <testcase name="* подтвержден регион" classname="Сценарий: Ипотека: квартира на вторичном рынке" time="0.001"/>
  <testcase name="* выбран пункт меню &quot;Ипотека&quot;" classname="Сценарий: Ипотека: квартира на вторичном рынке" time="0"/>
  <testcase name="* выбрана услуга &quot;Ипотечный калькулятор&quot;" classname="Сценарий: Ипотека: квартира на вторичном рынке" time="0"/>
  <testcase name="* загружена страница &quot;MortgageCalculatorPage&quot;" classname="Сценарий: Ипотека: квартира на вторичном рынке" time="0"/>
  <testcase name="* проверили, что Заголовок страницы &quot;Ипотечный калькулятор&quot;" classname="Сценарий: Ипотека: квартира на вторичном рынке" time="0"/>
  <testcase name="* выпадающий список &quot;Город&quot; заполняется значением &quot;Москва&quot;" classname="Сценарий: Ипотека: квартира на вторичном рынке" time="0"/>
  <testcase name="* выполнено нажатие на &quot;Знаю свою ипотечную программу&quot;" classname="Сценарий: Ипотека: квартира на вторичном рынке" time="0.001"/>
  <testcase name="* выпадающий список &quot;Вид ипотечной программы&quot; заполняется значением &quot;Квартира на вторичном рынке&quot;" classname="Сценарий: Ипотека: квартира на вторичном рынке" time="0.001"/>
  <testcase name="* выпадающий список &quot;Я являюсь&quot; заполняется значением &quot;Новый клиент&quot;" classname="Сценарий: Ипотека: квартира на вторичном рынке" time="0"/>
  <testcase name="* выпадающий список &quot;Уровень доходов подтверждаю&quot; заполняется значением &quot;Справка по форме Банка&quot;" classname="Сценарий: Ипотека: квартира на вторичном рынке" time="0"/>
  <testcase name="* поле &quot;В банке возьму&quot; заполняется значением &quot;3000000&quot;" classname="Сценарий: Ипотека: квартира на вторичном рынке" time="0.001"/>
  <testcase name="* поле &quot;Первоначальный взнос&quot; заполняется значением &quot;3500000&quot;" classname="Сценарий: Ипотека: квартира на вторичном рынке" time="0"/>
  <testcase name="* поле &quot;Срок кредита&quot; заполняется значением &quot;10&quot;" classname="Сценарий: Ипотека: квартира на вторичном рынке" time="0"/>
  <testcase name="* выполнено нажатие на &quot;Рассчитать&quot;" classname="Сценарий: Ипотека: квартира на вторичном рынке" time="0"/>
  <testcase name="* значение поля &quot;Ежемесячный платеж&quot; равно &quot;40 656.67 руб.&quot;" classname="Сценарий: Ипотека: квартира на вторичном рынке" time="0.03">
    <failure message="expected:&lt;40 656.67 руб.&gt; but was:&lt;null&gt;" type="java.lang.AssertionError"><![CDATA[java.lang.AssertionError: expected:<40 656.67 руб.> but was:<null>
]]></failure>
  </testcase>
  <testcase name="Сценарий: Ипотека: квартира на вторичном рынке" classname="Сценарий: Ипотека: квартира на вторичном рынке" time="0.03">
    <failure message="expected:&lt;40 656.67 руб.&gt; but was:&lt;null&gt;" type="java.lang.AssertionError"><![CDATA[java.lang.AssertionError: expected:<40 656.67 руб.> but was:<null>
]]></failure>
  </testcase>
  <testcase name="* значение поля &quot;Общая сумма выплат&quot; равно &quot;4 836 820.89 руб.&quot;" classname="Сценарий: Ипотека: квартира на вторичном рынке" time="0">
    <skipped/>
  </testcase>
  <testcase name="* значение поля &quot;Cумма выплат по процентам&quot; равно &quot;1 836 820.89 руб.&quot;" classname="Сценарий: Ипотека: квартира на вторичном рынке" time="0">
    <skipped/>
  </testcase>
  <testcase name="* значение поля &quot;Процентная ставка&quot; равно &quot;10.49 %&quot;" classname="Сценарий: Ипотека: квартира на вторичном рынке" time="0">
    <skipped/>
  </testcase>
</testsuite>