<?xml version="1.0" encoding="UTF-8"?>
<testsuite xmlns:xsi="http://www.w3.org/2001/XMLSchema-instance" xsi:noNamespaceSchemaLocation="https://maven.apache.org/surefire/maven-surefire-plugin/xsd/surefire-test-report.xsd" name="runners.CucumberRunner" time="7.813" tests="15" errors="2" skipped="11" failures="0">
  <properties>
[...]
</properties>
  <testcase name="* выбран пункт меню &quot;Ипотека&quot;" classname="Сценарий: Ипотека: квартира на вторичном рынке" time="0.001"/>
  <testcase name="* выбрана услуга &quot;Ипотечный калькулятор&quot;" classname="Сценарий: Ипотека: квартира на вторичном рынке" time="0"/>
  <testcase name="* проверили, что Заголовок страницы &quot;Ипотечный калькулятор&quot;" classname="Сценарий: Ипотека: квартира на вторичном рынке" time="0.006">
    <error message="ru.raiffeisen.demo.pages.null" type="java.lang.ClassNotFoundException">java.lang.ClassNotFoundException: ru.raiffeisen.demo.pages.null
</error>
  </testcase>
  <testcase name="Сценарий: Ипотека: квартира на вторичном рынке" classname="Сценарий: Ипотека: квартира на вторичном рынке" time="0.006">
    <error message="ru.raiffeisen.demo.pages.null" type="java.lang.ClassNotFoundException">java.lang.ClassNotFoundException: ru.raiffeisen.demo.pages.null
</error>
  </testcase>
  <testcase name="* выпадающий список &quot;Город&quot; заполняется значением &quot;Москва&quot;" classname="Сценарий: Ипотека: квартира на вторичном рынке" time="0">
    <skipped/>
  </testcase>
  <testcase name="* выполнено нажатие на &quot;Знаю свою ипотечную программу&quot;" classname="Сценарий: Ипотека: квартира на вторичном рынке" time="0">
    <skipped/>
  </testcase>
  <testcase name="* выпадающий список &quot;Вид ипотечной программы&quot; заполняется значением &quot;Квартира на вторичном рынке&quot;" classname="Сценарий: Ипотека: квартира на вторичном рынке" time="0">
    <skipped/>
  </testcase>
  <testcase name="* выпадающий список &quot;Я являюсь&quot; заполняется значением &quot;Новый клиент&quot;" classname="Сценарий: Ипотека: квартира на вторичном рынке" time="0">
    <skipped/>
  </testcase>
  <testcase name="* выпадающий список &quot;Уровень доходов подтверждаю&quot; заполняется значением &quot;Справка по форме Банка&quot;" classname="Сценарий: Ипотека: квартира на вторичном рынке" time="0">
    <skipped/>
  </testcase>
  <testcase name="* заполняются поля:" classname="Сценарий: Ипотека: квартира на вторичном рынке" time="0">
    <skipped/>
  </testcase>
  <testcase name="* выполнено нажатие на &quot;Рассчитать&quot;" classname="Сценарий: Ипотека: квартира на вторичном рынке" time="0">
    <skipped/>
  </testcase>
  <testcase name="* значение поля &quot;Ежемесячный платеж&quot; равно &quot;40 656.67 руб.&quot;" classname="Сценарий: Ипотека: квартира на вторичном рынке" time="0">
    <skipped/>
  </testcase>
  <testcase name="* значение поля &quot;Общая сумма выплат&quot; равно &quot;4 836 820.89 руб.&quot;" classname="Сценарий: Ипотека: квартира на вторичном рынке" time="0">
    <skipped/>
  </testcase>
  <testcase name="* значение поля &quot;Cумма выплат по процентам&quot; равно &quot;1 836 820.89 руб.&quot;" classname="Сценарий: Ипотека: квартира на вторичном рынке" time="0">
    <skipped/>
  </testcase>
  <testcase name="* значение поля &quot;Процентная ставка&quot; равно &quot;10.49 %&quot;" classname="Сценарий: Ипотека: квартира на вторичном рынке" time="0">
    <skipped/>
  </testcase>
</testsuite>