<?xml version="1.0" encoding="UTF-8"?>
<testsuite xmlns:xsi="http://www.w3.org/2001/XMLSchema-instance" xsi:noNamespaceSchemaLocation="https://maven.apache.org/surefire/maven-surefire-plugin/xsd/surefire-test-report.xsd" name="DemoTest" time="38.607" tests="2" errors="0" skipped="0" failures="1">
  <properties>
[...]
</properties>
  <testcase name="testMethod2" classname="DemoTest" time="19.59">
    <failure message="expected:&lt;[Введенная сумма меньше минимальной разрешенной (30,00 ₽)]&gt; but was:&lt;[Сумма операции превышает доступный баланс]&gt;" type="org.junit.ComparisonFailure"><![CDATA[org.junit.ComparisonFailure: expected:<[Введенная сумма меньше минимальной разрешенной (30,00 ₽)]> but was:<[Сумма операции превышает доступный баланс]>
	at DemoTest.testMethod2(DemoTest.java:47)
]]></failure>
    <system-err><![CDATA[Starting ChromeDriver 2.37.544315 (730aa6a5fdba159ac9f4c1e8cbc59bf1b5ce12b7) on port 37151
Only local connections are allowed.
ноя 14, 2018 7:54:50 PM org.openqa.selenium.remote.ProtocolHandshake createSession
INFO: Detected dialect: OSS
]]></system-err>
  </testcase>
  <testcase name="testMethod" classname="DemoTest" time="18.877"/>
</testsuite>